[2021-03-11 12:21:55.395173] [INFO] [handle_yaml.py] [get_url] [50] 获取url数据
[2021-03-11 12:21:55.397674] [INFO] [handle_yaml.py] [get_querystring] [23] 获取querystring数据
[2021-03-11 12:21:55.399174] [INFO] [handle_yaml.py] [get_headers] [32] 获取headers数据
[2021-03-11 12:21:55.401174] [INFO] [handle_yaml.py] [get_data] [41] 获取data数据
[2021-03-11 12:21:55.402674] [INFO] [handle_yaml.py] [get_url] [50] 获取url数据
[2021-03-11 12:21:55.405675] [INFO] [handle_yaml.py] [get_querystring] [23] 获取querystring数据
[2021-03-11 12:21:55.409175] [INFO] [handle_yaml.py] [get_headers] [32] 获取headers数据
[2021-03-11 12:21:55.411175] [ERROR] [handle_yaml.py] [get_value] [61] 读取yaml文件报错如下：'keyword'
[2021-03-11 12:21:55.412676] [INFO] [handle_yaml.py] [get_url] [50] 获取url数据
[2021-03-11 12:21:55.414676] [INFO] [handle_yaml.py] [get_querystring] [23] 获取querystring数据
[2021-03-11 12:21:55.417176] [INFO] [handle_yaml.py] [get_headers] [32] 获取headers数据
[2021-03-11 12:21:55.419176] [ERROR] [handle_yaml.py] [get_value] [61] 读取yaml文件报错如下：'keyword2'
[2021-03-11 12:21:55.420677] [INFO] [handle_yaml.py] [get_url] [50] 获取url数据
[2021-03-11 12:21:55.423177] [INFO] [handle_yaml.py] [get_querystring] [23] 获取querystring数据
[2021-03-11 12:21:55.425677] [INFO] [handle_yaml.py] [get_headers] [32] 获取headers数据
[2021-03-11 12:21:55.427177] [ERROR] [handle_yaml.py] [get_value] [61] 读取yaml文件报错如下：'keyword'
[2021-03-11 12:21:55.430178] [INFO] [handle_yaml.py] [get_url] [50] 获取url数据
[2021-03-11 12:21:55.432178] [INFO] [handle_yaml.py] [get_querystring] [23] 获取querystring数据
[2021-03-11 12:21:55.434178] [INFO] [handle_yaml.py] [get_headers] [32] 获取headers数据
[2021-03-11 12:21:55.435678] [ERROR] [handle_yaml.py] [get_value] [61] 读取yaml文件报错如下：'keyword2'
[2021-03-11 12:21:55.616201] [INFO] [read_config.py] [get_value] [28] 获取配置文件的值，node：pre,key：url, data：https://yesfp.yonyoucloud.com/
[2021-03-11 12:21:56.217778] [INFO] [read_config.py] [get_value] [28] 获取配置文件的值，node：pre,key：url, data：https://yesfp.yonyoucloud.com/
[2021-03-11 12:23:43.037842] [INFO] [handle_yaml.py] [get_url] [50] 获取url数据
[2021-03-11 12:23:43.039842] [INFO] [handle_yaml.py] [get_querystring] [23] 获取querystring数据
[2021-03-11 12:23:43.041343] [INFO] [handle_yaml.py] [get_headers] [32] 获取headers数据
[2021-03-11 12:23:43.042843] [INFO] [handle_yaml.py] [get_data] [41] 获取data数据
[2021-03-11 12:23:43.044343] [INFO] [handle_yaml.py] [get_url] [50] 获取url数据
[2021-03-11 12:23:43.046343] [INFO] [handle_yaml.py] [get_querystring] [23] 获取querystring数据
[2021-03-11 12:23:43.047843] [INFO] [handle_yaml.py] [get_headers] [32] 获取headers数据
[2021-03-11 12:23:43.049344] [ERROR] [handle_yaml.py] [get_value] [61] 读取yaml文件报错如下：'keyword'
[2021-03-11 12:23:43.050844] [INFO] [handle_yaml.py] [get_url] [50] 获取url数据
[2021-03-11 12:23:43.052844] [INFO] [handle_yaml.py] [get_querystring] [23] 获取querystring数据
[2021-03-11 12:23:43.054344] [INFO] [handle_yaml.py] [get_headers] [32] 获取headers数据
[2021-03-11 12:23:43.055844] [ERROR] [handle_yaml.py] [get_value] [61] 读取yaml文件报错如下：'keyword2'
[2021-03-11 12:23:43.057845] [INFO] [handle_yaml.py] [get_url] [50] 获取url数据
[2021-03-11 12:23:43.059345] [ERROR] [handle_yaml.py] [get_value] [61] 读取yaml文件报错如下：'keyword'
[2021-03-11 12:23:43.060845] [INFO] [handle_yaml.py] [get_url] [50] 获取url数据
[2021-03-11 12:23:43.062345] [ERROR] [handle_yaml.py] [get_value] [61] 读取yaml文件报错如下：'keyword2'
[2021-03-11 12:23:43.209864] [INFO] [read_config.py] [get_value] [28] 获取配置文件的值，node：pre,key：url, data：https://yesfp.yonyoucloud.com/
[2021-03-11 12:23:43.778436] [INFO] [base_request.py] [send_post] [24] 调用post接口
[2021-03-11 12:23:43.900952] [INFO] [base_request.py] [run_main] [44] post请求
[2021-03-11 12:23:43.926455] [INFO] [read_config.py] [get_value] [28] 获取配置文件的值，node：pre,key：url, data：https://yesfp.yonyoucloud.com/
[2021-03-11 12:23:44.602541] [INFO] [base_request.py] [send_post] [24] 调用post接口
[2021-03-11 12:23:44.761061] [INFO] [base_request.py] [run_main] [44] post请求
[2021-03-11 12:24:09.578712] [INFO] [handle_yaml.py] [get_url] [50] 获取url数据
[2021-03-11 12:24:09.580213] [INFO] [handle_yaml.py] [get_querystring] [23] 获取querystring数据
[2021-03-11 12:24:09.582213] [INFO] [handle_yaml.py] [get_headers] [32] 获取headers数据
[2021-03-11 12:24:09.583713] [INFO] [handle_yaml.py] [get_data] [41] 获取data数据
[2021-03-11 12:24:09.585713] [INFO] [handle_yaml.py] [get_url] [50] 获取url数据
[2021-03-11 12:24:09.587714] [INFO] [handle_yaml.py] [get_querystring] [23] 获取querystring数据
[2021-03-11 12:24:09.589214] [INFO] [handle_yaml.py] [get_headers] [32] 获取headers数据
[2021-03-11 12:24:09.590714] [ERROR] [handle_yaml.py] [get_value] [61] 读取yaml文件报错如下：'keyword'
[2021-03-11 12:24:09.592714] [INFO] [handle_yaml.py] [get_url] [50] 获取url数据
[2021-03-11 12:24:09.594715] [INFO] [handle_yaml.py] [get_querystring] [23] 获取querystring数据
[2021-03-11 12:24:09.596715] [INFO] [handle_yaml.py] [get_headers] [32] 获取headers数据
[2021-03-11 12:24:09.598215] [ERROR] [handle_yaml.py] [get_value] [61] 读取yaml文件报错如下：'keyword2'
[2021-03-11 12:24:09.599715] [INFO] [handle_yaml.py] [get_url] [50] 获取url数据
[2021-03-11 12:24:09.601215] [ERROR] [handle_yaml.py] [get_value] [61] 读取yaml文件报错如下：'keyword'
[2021-03-11 12:24:09.602716] [INFO] [handle_yaml.py] [get_url] [50] 获取url数据
[2021-03-11 12:24:09.604216] [ERROR] [handle_yaml.py] [get_value] [61] 读取yaml文件报错如下：'keyword2'
[2021-03-11 12:24:09.744734] [INFO] [read_config.py] [get_value] [28] 获取配置文件的值，node：pre,key：url, data：https://yesfp.yonyoucloud.com/
[2021-03-11 12:24:10.346810] [INFO] [base_request.py] [send_post] [24] 调用post接口
[2021-03-11 12:24:10.480327] [INFO] [base_request.py] [run_main] [44] post请求
[2021-03-11 12:24:10.501830] [INFO] [read_config.py] [get_value] [28] 获取配置文件的值，node：pre,key：url, data：https://yesfp.yonyoucloud.com/
[2021-03-11 12:24:11.137410] [INFO] [base_request.py] [send_post] [24] 调用post接口
[2021-03-11 12:24:11.247924] [INFO] [base_request.py] [run_main] [44] post请求
[2021-03-11 12:27:20.290930] [INFO] [handle_yaml.py] [get_url] [50] 获取url数据
[2021-03-11 12:27:20.292930] [INFO] [handle_yaml.py] [get_querystring] [23] 获取querystring数据
[2021-03-11 12:27:20.294430] [INFO] [handle_yaml.py] [get_headers] [32] 获取headers数据
[2021-03-11 12:27:20.295930] [INFO] [handle_yaml.py] [get_data] [41] 获取data数据
[2021-03-11 12:27:20.297431] [INFO] [handle_yaml.py] [get_url] [50] 获取url数据
[2021-03-11 12:27:20.298931] [INFO] [handle_yaml.py] [get_querystring] [23] 获取querystring数据
[2021-03-11 12:27:20.300431] [INFO] [handle_yaml.py] [get_headers] [32] 获取headers数据
[2021-03-11 12:27:20.302431] [ERROR] [handle_yaml.py] [get_value] [61] 读取yaml文件报错如下：'keyword'
[2021-03-11 12:27:20.303431] [INFO] [handle_yaml.py] [get_url] [50] 获取url数据
[2021-03-11 12:27:20.304932] [INFO] [handle_yaml.py] [get_querystring] [23] 获取querystring数据
[2021-03-11 12:27:20.306432] [INFO] [handle_yaml.py] [get_headers] [32] 获取headers数据
[2021-03-11 12:27:20.307932] [ERROR] [handle_yaml.py] [get_value] [61] 读取yaml文件报错如下：'keyword2'
[2021-03-11 12:27:20.309932] [INFO] [handle_yaml.py] [get_url] [50] 获取url数据
[2021-03-11 12:27:20.311432] [ERROR] [handle_yaml.py] [get_value] [61] 读取yaml文件报错如下：'keyword'
[2021-03-11 12:27:20.312933] [INFO] [handle_yaml.py] [get_url] [50] 获取url数据
[2021-03-11 12:27:20.313933] [ERROR] [handle_yaml.py] [get_value] [61] 读取yaml文件报错如下：'keyword2'
[2021-03-11 12:27:20.315933] [INFO] [handle_yaml.py] [get_url] [50] 获取url数据
[2021-03-11 12:27:20.455451] [INFO] [read_config.py] [get_value] [28] 获取配置文件的值，node：pre,key：url, data：https://yesfp.yonyoucloud.com/
[2021-03-11 12:29:16.306662] [INFO] [handle_yaml.py] [get_url] [50] 获取url数据
[2021-03-11 12:29:16.308662] [INFO] [handle_yaml.py] [get_querystring] [23] 获取querystring数据
[2021-03-11 12:29:16.310162] [INFO] [handle_yaml.py] [get_headers] [32] 获取headers数据
[2021-03-11 12:29:16.312163] [INFO] [handle_yaml.py] [get_data] [41] 获取data数据
[2021-03-11 12:29:16.313663] [INFO] [handle_yaml.py] [get_url] [50] 获取url数据
[2021-03-11 12:29:16.315163] [INFO] [handle_yaml.py] [get_querystring] [23] 获取querystring数据
[2021-03-11 12:29:16.316663] [INFO] [handle_yaml.py] [get_headers] [32] 获取headers数据
[2021-03-11 12:29:16.318163] [ERROR] [handle_yaml.py] [get_value] [61] 读取yaml文件报错如下：'keyword'
[2021-03-11 12:29:16.320164] [INFO] [handle_yaml.py] [get_url] [50] 获取url数据
[2021-03-11 12:29:16.321664] [INFO] [handle_yaml.py] [get_querystring] [23] 获取querystring数据
[2021-03-11 12:29:16.323164] [INFO] [handle_yaml.py] [get_headers] [32] 获取headers数据
[2021-03-11 12:29:16.324664] [ERROR] [handle_yaml.py] [get_value] [61] 读取yaml文件报错如下：'keyword2'
[2021-03-11 12:29:16.326164] [INFO] [handle_yaml.py] [get_url] [50] 获取url数据
[2021-03-11 12:29:16.327665] [ERROR] [handle_yaml.py] [get_value] [61] 读取yaml文件报错如下：'keyword'
[2021-03-11 12:29:16.329165] [INFO] [handle_yaml.py] [get_url] [50] 获取url数据
[2021-03-11 12:29:16.330665] [ERROR] [handle_yaml.py] [get_value] [61] 读取yaml文件报错如下：'keyword2'
[2021-03-11 12:29:16.332165] [INFO] [handle_yaml.py] [get_url] [50] 获取url数据
[2021-03-11 12:29:16.465182] [INFO] [read_config.py] [get_value] [28] 获取配置文件的值，node：pre,key：url, data：https://yesfp.yonyoucloud.com/
[2021-03-11 12:29:16.934242] [INFO] [handle_yaml.py] [get_url] [50] 获取url数据
[2021-03-11 12:29:16.938242] [ERROR] [handle_yaml.py] [get_value] [61] 读取yaml文件报错如下：'keyword'
[2021-03-11 12:29:16.939242] [INFO] [read_config.py] [get_value] [28] 获取配置文件的值，node：pre,key：url, data：https://yesfp.yonyoucloud.com/
[2021-03-11 12:29:17.387299] [INFO] [base_request.py] [send_post] [24] 调用post接口
[2021-03-11 12:29:17.493813] [INFO] [base_request.py] [run_main] [44] post请求
[2021-03-11 12:29:58.902571] [INFO] [handle_yaml.py] [get_url] [50] 获取url数据
[2021-03-11 12:29:58.904571] [INFO] [handle_yaml.py] [get_querystring] [23] 获取querystring数据
[2021-03-11 12:29:58.906071] [INFO] [handle_yaml.py] [get_headers] [32] 获取headers数据
[2021-03-11 12:29:58.907572] [INFO] [handle_yaml.py] [get_data] [41] 获取data数据
[2021-03-11 12:29:58.909072] [INFO] [handle_yaml.py] [get_url] [50] 获取url数据
[2021-03-11 12:29:58.910572] [INFO] [handle_yaml.py] [get_querystring] [23] 获取querystring数据
[2021-03-11 12:29:58.912072] [INFO] [handle_yaml.py] [get_headers] [32] 获取headers数据
[2021-03-11 12:29:58.914072] [ERROR] [handle_yaml.py] [get_value] [61] 读取yaml文件报错如下：'keyword'
[2021-03-11 12:29:58.915573] [INFO] [handle_yaml.py] [get_url] [50] 获取url数据
[2021-03-11 12:29:58.917073] [INFO] [handle_yaml.py] [get_querystring] [23] 获取querystring数据
[2021-03-11 12:29:58.918573] [INFO] [handle_yaml.py] [get_headers] [32] 获取headers数据
[2021-03-11 12:29:58.920073] [ERROR] [handle_yaml.py] [get_value] [61] 读取yaml文件报错如下：'keyword2'
[2021-03-11 12:29:58.921573] [INFO] [handle_yaml.py] [get_url] [50] 获取url数据
[2021-03-11 12:29:58.923074] [ERROR] [handle_yaml.py] [get_value] [61] 读取yaml文件报错如下：'keyword'
[2021-03-11 12:29:58.925074] [INFO] [handle_yaml.py] [get_url] [50] 获取url数据
[2021-03-11 12:29:58.926574] [ERROR] [handle_yaml.py] [get_value] [61] 读取yaml文件报错如下：'keyword2'
[2021-03-11 12:29:58.928074] [INFO] [handle_yaml.py] [get_url] [50] 获取url数据
[2021-03-11 12:29:59.065092] [INFO] [read_config.py] [get_value] [28] 获取配置文件的值，node：pre,key：url, data：https://yesfp.yonyoucloud.com/
[2021-03-11 12:29:59.480644] [INFO] [handle_yaml.py] [get_url] [50] 获取url数据
[2021-03-11 12:29:59.482145] [ERROR] [handle_yaml.py] [get_value] [61] 读取yaml文件报错如下：'keyword'
[2021-03-11 12:29:59.482645] [INFO] [read_config.py] [get_value] [28] 获取配置文件的值，node：pre,key：url, data：https://yesfp.yonyoucloud.com/
[2021-03-11 12:30:00.089722] [INFO] [base_request.py] [send_post] [24] 调用post接口
[2021-03-11 12:30:00.205236] [INFO] [base_request.py] [run_main] [44] post请求
[2021-03-11 12:30:00.207737] [INFO] [base_request.py] [send_post] [24] 调用post接口
[2021-03-11 12:30:00.287747] [INFO] [base_request.py] [run_main] [44] post请求
[2021-03-11 16:06:53.684738] [INFO] [handle_yaml.py] [get_url] [50] 获取url数据
[2021-03-11 16:06:53.686739] [INFO] [handle_yaml.py] [get_querystring] [23] 获取querystring数据
[2021-03-11 16:06:53.688239] [INFO] [handle_yaml.py] [get_headers] [32] 获取headers数据
[2021-03-11 16:06:53.689739] [INFO] [handle_yaml.py] [get_data] [41] 获取data数据
[2021-03-11 16:06:53.691239] [INFO] [handle_yaml.py] [get_url] [50] 获取url数据
[2021-03-11 16:06:53.692739] [INFO] [handle_yaml.py] [get_querystring] [23] 获取querystring数据
[2021-03-11 16:06:53.694240] [INFO] [handle_yaml.py] [get_headers] [32] 获取headers数据
[2021-03-11 16:06:53.695740] [ERROR] [handle_yaml.py] [get_value] [61] 读取yaml文件报错如下：'keyword'
[2021-03-11 16:06:53.697240] [INFO] [handle_yaml.py] [get_url] [50] 获取url数据
[2021-03-11 16:06:53.699240] [INFO] [handle_yaml.py] [get_querystring] [23] 获取querystring数据
[2021-03-11 16:06:53.700740] [INFO] [handle_yaml.py] [get_headers] [32] 获取headers数据
[2021-03-11 16:06:53.702241] [ERROR] [handle_yaml.py] [get_value] [61] 读取yaml文件报错如下：'keyword2'
[2021-03-11 16:06:53.703741] [INFO] [handle_yaml.py] [get_url] [50] 获取url数据
[2021-03-11 16:06:53.704741] [ERROR] [handle_yaml.py] [get_value] [61] 读取yaml文件报错如下：'keyword'
[2021-03-11 16:06:53.706241] [INFO] [handle_yaml.py] [get_url] [50] 获取url数据
[2021-03-11 16:06:53.707741] [ERROR] [handle_yaml.py] [get_value] [61] 读取yaml文件报错如下：'keyword2'
[2021-03-11 16:06:53.709242] [INFO] [handle_yaml.py] [get_url] [50] 获取url数据
[2021-03-11 16:06:53.836758] [INFO] [read_config.py] [get_value] [28] 获取配置文件的值，node：pre,key：url, data：https://yesfp.yonyoucloud.com/
[2021-03-11 16:06:54.309318] [INFO] [handle_yaml.py] [get_url] [50] 获取url数据
[2021-03-11 16:06:54.312818] [ERROR] [handle_yaml.py] [get_value] [61] 读取yaml文件报错如下：'keyword'
[2021-03-11 16:06:54.313818] [INFO] [read_config.py] [get_value] [28] 获取配置文件的值，node：pre,key：url, data：https://yesfp.yonyoucloud.com/
[2021-03-11 16:06:54.841385] [INFO] [base_request.py] [send_post] [24] 调用post接口
[2021-03-11 16:06:54.960900] [INFO] [base_request.py] [run_main] [44] post请求
[2021-03-11 16:06:54.963401] [INFO] [base_request.py] [send_post] [24] 调用post接口
[2021-03-11 16:06:55.043411] [INFO] [base_request.py] [run_main] [44] post请求
