[2021-02-23 13:44:52.192837] [INFO] [handle_log.py] [<module>] [45] hello world
[2021-02-23 13:46:55.004932] [INFO] [handle_log.py] [<module>] [45] hello world
[2021-02-23 13:48:49.007908] [INFO] [handle_log.py] [<module>] [45] hello world
[2021-02-23 13:59:53.197750] [INFO] [handle_log.py] [<module>] [53] 测试Log模块
[2021-02-23 14:16:58.969006] [INFO] [handle_log.py] [<module>] [52] 测试Log模块
[2021-02-23 14:17:05.538340] [INFO] [handle_log.py] [<module>] [52] 测试Log模块
[2021-02-23 14:19:05.579083] [INFO] [handle_log.py] [<module>] [51] 测试Log模块
[2021-02-23 14:22:22.149545] [INFO] [handle_log.py] [<module>] [51] 测试Log模块
[2021-02-23 14:22:38.728150] [INFO] [handle_log.py] [<module>] [51] 测试Log模块
[2021-02-23 15:02:19.752002] [INFO] [read_config.py] [get_value] [25] 获取配置文件的值，node：pre,key：url, data：https://yesfp.yonyoucloud.com/
[2021-02-23 15:13:14.993707] [ERROR] [read_config.py] [get_value] [27] 没有获取到对应的值，node：pre,key：url
[2021-02-23 15:13:15.778306] [ERROR] [read_config.py] [get_value] [27] 没有获取到对应的值，node：pre,key：url
[2021-02-23 15:13:16.527401] [ERROR] [read_config.py] [get_value] [27] 没有获取到对应的值，node：pre,key：url
[2021-02-23 15:13:17.241492] [ERROR] [read_config.py] [get_value] [27] 没有获取到对应的值，node：pre,key：url
[2021-02-23 15:13:17.757558] [ERROR] [read_config.py] [get_value] [27] 没有获取到对应的值，node：pre,key：url
[2021-02-23 15:16:31.417149] [INFO] [read_config.py] [get_value] [25] 获取配置文件的值，node：pre,key：url, data：https://yesfp.yonyoucloud.com/
[2021-02-23 15:18:04.327948] [ERROR] [read_config.py] [get_value] [27] 没有获取到对应的值，node：pre,key：url
[2021-02-23 15:18:04.835512] [ERROR] [read_config.py] [get_value] [27] 没有获取到对应的值，node：pre,key：url
[2021-02-23 15:18:30.529275] [INFO] [read_config.py] [get_value] [25] 获取配置文件的值，node：pre,key：url, data：https://yesfp.yonyoucloud.com/
[2021-02-23 15:19:01.317184] [ERROR] [read_config.py] [get_value] [27] 没有获取到对应的值，node：pre,key：url
[2021-02-23 15:19:03.967521] [ERROR] [read_config.py] [get_value] [27] 没有获取到对应的值，node：pre,key：url
[2021-02-23 15:19:31.684540] [INFO] [read_config.py] [get_value] [25] 获取配置文件的值，node：pre,key：url, data：https://yesfp.yonyoucloud.com/
[2021-02-23 15:19:48.552182] [ERROR] [read_config.py] [get_value] [27] 没有获取到对应的值，node：pre,key：url
[2021-02-23 15:20:34.464512] [ERROR] [read_config.py] [get_value] [27] 没有获取到对应的值，node：pre,key：url
[2021-02-23 15:20:38.792562] [ERROR] [read_config.py] [get_value] [27] 没有获取到对应的值，node：pre,key：url
[2021-02-23 15:24:11.545078] [ERROR] [read_config.py] [get_value] [27] 没有获取到对应的值，node：pre,key：url
[2021-02-23 15:24:12.103649] [ERROR] [read_config.py] [get_value] [27] 没有获取到对应的值，node：pre,key：url
[2021-02-23 15:24:12.614714] [ERROR] [read_config.py] [get_value] [27] 没有获取到对应的值，node：pre,key：url
[2021-02-23 15:24:30.206948] [ERROR] [read_config.py] [get_value] [27] 没有获取到对应的值，node：pre,key：url
[2021-02-23 15:24:43.955194] [ERROR] [read_config.py] [get_value] [27] 没有获取到对应的值，node：pre,key：url
[2021-02-23 15:25:20.786871] [ERROR] [read_config.py] [get_value] [27] 没有获取到对应的值，node：pre,key：url
[2021-02-23 16:18:23.369507] [ERROR] [read_config.py] [get_value] [27] 没有获取到对应的值，node：pre,key：url
[2021-02-23 16:19:49.440937] [ERROR] [read_config.py] [get_value] [27] 没有获取到对应的值，node：pre,key：url
[2021-02-23 16:19:50.107022] [ERROR] [read_config.py] [get_value] [27] 没有获取到对应的值，node：pre,key：url
[2021-02-23 16:23:09.623357] [ERROR] [read_config.py] [get_value] [27] 没有获取到对应的值，node：pre,key：url
[2021-02-23 16:23:10.322946] [ERROR] [read_config.py] [get_value] [27] 没有获取到对应的值，node：pre,key：url
[2021-02-23 16:23:10.856514] [ERROR] [read_config.py] [get_value] [27] 没有获取到对应的值，node：pre,key：url
[2021-02-23 16:23:44.034727] [ERROR] [read_config.py] [get_value] [27] 没有获取到对应的值，node：pre,key：url
[2021-02-23 16:23:44.648805] [ERROR] [read_config.py] [get_value] [27] 没有获取到对应的值，node：pre,key：url
[2021-02-23 16:23:45.167371] [ERROR] [read_config.py] [get_value] [27] 没有获取到对应的值，node：pre,key：url
[2021-02-23 16:24:12.094790] [INFO] [read_config.py] [get_value] [25] 获取配置文件的值，node：pre,key：url, data：https://yesfp.yonyoucloud.com/
[2021-02-23 16:28:31.450724] [INFO] [base_request.py] [run_main] [30] post请求
[2021-02-23 16:28:32.082304] [INFO] [base_request.py] [run_main] [30] post请求
[2021-02-23 16:28:32.703383] [INFO] [base_request.py] [run_main] [30] post请求
